make all --print-data-base --no-builtin-variables --no-builtin-rules --question
# GNU Make 4.1
# Built for x86_64-pc-linux-gnu
# Copyright (C) 1988-2014 Free Software Foundation, Inc.
# License GPLv3+: GNU GPL version 3 or later <http://gnu.org/licenses/gpl.html>
# This is free software: you are free to change and redistribute it.
# There is NO WARRANTY, to the extent permitted by law.

# Make data base, printed on Thu Jun  9 21:44:04 2022

# Variables

# automatic
<D = $(patsubst %/,%,$(dir $<))
# automatic
?F = $(notdir $?)
# default
.SHELLFLAGS := -c
# environment
VSCODE_AGENT_FOLDER = /home/mlz/.vscode-server
# environment
VSCODE_LOG_NATIVE = false
# automatic
?D = $(patsubst %/,%,$(dir $?))
# automatic
@D = $(patsubst %/,%,$(dir $@))
# automatic
@F = $(notdir $@)
# default
MAKE_VERSION := 4.1
# makefile
CURDIR := /home/mlz/tcpserver
# makefile (from 'Makefile', line 39)
SHELL = /bin/sh
# makefile (from 'Makefile', line 45)
RM = /usr/bin/cmake -E remove -f
# environment
VSCODE_NLS_CONFIG = {"locale":"en","availableLanguages":{}}
# environment
_ = /home/mlz/.vscode-server/bin/c3511e6c69bb39013c4a4b7b9566ec1ca73fc4d5/node
# makefile (from 'Makefile', line 54)
CMAKE_BINARY_DIR = /home/mlz/tcpserver
# makefile (from 'Makefile', line 1)
MAKEFILE_LIST :=  Makefile
# 'override' directive
GNUMAKEFLAGS := 
# environment
XDG_DATA_DIRS = /usr/local/share:/usr/share:/var/lib/snapd/desktop
# environment
VSCODE_VERBOSE_LOGGING = true
# environment
LESSOPEN = | /usr/bin/lesspipe %s
# environment
VSCODE_CWD = /home/mlz
# environment
SSH_CONNECTION = 223.73.218.137 8532 10.0.12.3 22
# environment
PATH = /home/mlz/.vscode-server/bin/c3511e6c69bb39013c4a4b7b9566ec1ca73fc4d5/bin/remote-cli:/usr/local/sbin:/usr/local/bin:/usr/sbin:/usr/bin:/sbin:/bin:/usr/games:/usr/local/games:/snap/bin
# environment
XDG_RUNTIME_DIR = /run/user/1001
# environment
VSCODE_LOG_STACK = false
# default
.FEATURES := target-specific order-only second-expansion else-if shortest-stem undefine oneshell archives jobserver output-sync check-symlink load
# environment
LS_COLORS = 
# automatic
%F = $(notdir $%)
# environment
VSCODE_PIPE_LOGGING = true
# environment
PWD = /home/mlz/tcpserver
# environment
VSCODE_IPC_HOOK_CLI = /run/user/1001/vscode-ipc-dadfb248-8460-43cd-a749-fb3e87a91a08.sock
# automatic
*D = $(patsubst %/,%,$(dir $*))
# environment
HISTTIMEFORMAT = %F %T 
# environment
VSCODE_AMD_ENTRYPOINT = vs/workbench/api/node/extensionHostProcess
# environment
HOME = /home/mlz
# environment
LESSCLOSE = /usr/bin/lesspipe %s %s
# environment
LOGNAME = mlz
# environment
APPLICATION_INSIGHTS_NO_DIAGNOSTIC_CHANNEL = true
# makefile (from 'Makefile', line 48)
EQUALS = =
# automatic
+F = $(notdir $+)
# environment
VSCODE_HANDLES_UNCAUGHT_ERRORS = true
# automatic
^D = $(patsubst %/,%,$(dir $^))
# environment
MAKELEVEL := 0
# default
MAKE = $(MAKE_COMMAND)
# default
MAKECMDGOALS := all
# environment
SHLVL = 3
# environment
XDG_SESSION_ID = 35040
# environment
USER = mlz
# makefile
.DEFAULT_GOAL := default_target
# makefile (from 'Makefile', line 51)
CMAKE_SOURCE_DIR = /home/mlz/tcpserver
# automatic
%D = $(patsubst %/,%,$(dir $%))
# default
MAKE_COMMAND := make
# default
.VARIABLES := 
# automatic
*F = $(notdir $*)
# makefile
MAKEFLAGS = pqrRs
# environment
MFLAGS = -pqrRs
# environment
SSH_CLIENT = 223.73.218.137 8532 22
# environment
MAIL = /var/mail/mlz
# automatic
+D = $(patsubst %/,%,$(dir $+))
# environment
BROWSER = /home/mlz/.vscode-server/bin/c3511e6c69bb39013c4a4b7b9566ec1ca73fc4d5/bin/helpers/browser.sh
# environment
VSCODE_HANDLES_SIGPIPE = true
# default
MAKEFILES := 
# environment
PROMPT_COMMAND = history -a; 
# automatic
<F = $(notdir $<)
# environment
LC_ALL = C
# makefile (from 'Makefile', line 42)
CMAKE_COMMAND = /usr/bin/cmake
# automatic
^F = $(notdir $^)
# makefile (from 'Makefile', line 21)
SUFFIXES = 
# environment
HISTSIZE = 1000
# default
.INCLUDE_DIRS = /usr/include /usr/local/include /usr/include
# default
.RECIPEPREFIX := 
# default
MAKE_HOST := x86_64-pc-linux-gnu
# environment
LANG = C
# environment
VSCODE_EXTHOST_WILL_SEND_SOCKET = true
# variable set hash-table stats:
# Load=74/1024=7%, Rehash=0, Collisions=9/108=8%

# Pattern-specific Variable Values

# No pattern-specific variable values.

# Directories

# . (device 64513, inode 262948): 23 files, no impossibilities.

# 23 files, no impossibilities in 1 directories.

# Implicit Rules

%.hpux_make_needs_suffix_list:

# 1 implicit rules, 0 (0.0%) terminal.

# Files

server/fast:
#  Phony target (prerequisite of .PHONY).
#  Implicit rule search has not been done.
#  File does not exist.
#  File has not been updated.
#  recipe to execute (from 'Makefile', line 123):
	$(MAKE) -f CMakeFiles/server.dir/build.make CMakeFiles/server.dir/build

cmake_force:
#  Phony target (prerequisite of .PHONY).
#  Implicit rule search has not been done.
#  File does not exist.
#  File has not been updated.

P2pServer.cc.s:
#  Phony target (prerequisite of .PHONY).
#  Implicit rule search has not been done.
#  File does not exist.
#  File has not been updated.
#  recipe to execute (from 'Makefile', line 204):
	$(MAKE) -f CMakeFiles/server.dir/build.make CMakeFiles/server.dir/P2pServer.cc.s

edit_cache:
#  Phony target (prerequisite of .PHONY).
#  Implicit rule search has not been done.
#  File does not exist.
#  File has not been updated.
#  recipe to execute (from 'Makefile', line 72):
	@$(CMAKE_COMMAND) -E cmake_echo_color --switch=$(COLOR) --cyan "No interactive CMake dialog available..."
	/usr/bin/cmake -E echo No\ interactive\ CMake\ dialog\ available.

p2p.pb.i: p2p.pb.cc.i
#  Phony target (prerequisite of .PHONY).
#  Implicit rule search has not been done.
#  File does not exist.
#  File has not been updated.

p2p.pb.o: p2p.pb.cc.o
#  Phony target (prerequisite of .PHONY).
#  Implicit rule search has not been done.
#  File does not exist.
#  File has not been updated.

all: cmake_check_build_system
#  Phony target (prerequisite of .PHONY).
#  Command line target.
#  Implicit rule search has not been done.
#  File does not exist.
#  File has been updated.
#  Needs to be updated (-q is set).
# variable set hash-table stats:
# Load=0/32=0%, Rehash=0, Collisions=0/6=0%
#  recipe to execute (from 'Makefile', line 83):
	$(CMAKE_COMMAND) -E cmake_progress_start /home/mlz/tcpserver/CMakeFiles /home/mlz/tcpserver/CMakeFiles/progress.marks
	$(MAKE) -f CMakeFiles/Makefile2 all
	$(CMAKE_COMMAND) -E cmake_progress_start /home/mlz/tcpserver/CMakeFiles 0

CTcpServer.cc.o:
#  Phony target (prerequisite of .PHONY).
#  Implicit rule search has not been done.
#  File does not exist.
#  File has not been updated.
#  recipe to execute (from 'Makefile', line 132):
	$(MAKE) -f CMakeFiles/server.dir/build.make CMakeFiles/server.dir/CTcpServer.cc.o

.PHONY: default_target cmake_force rebuild_cache rebuild_cache/fast edit_cache edit_cache/fast all clean clean/fast preinstall preinstall/fast depend server server/fast CTcpServer.o CTcpServer.cc.o CTcpServer.i CTcpServer.cc.i CTcpServer.s CTcpServer.cc.s EchoServer.o EchoServer.cc.o EchoServer.i EchoServer.cc.i EchoServer.s EchoServer.cc.s P2pServer.o P2pServer.cc.o P2pServer.i P2pServer.cc.i P2pServer.s P2pServer.cc.s main.o main.cc.o main.i main.cc.i main.s main.cc.s p2p.pb.o p2p.pb.cc.o p2p.pb.i p2p.pb.cc.i p2p.pb.s p2p.pb.cc.s help cmake_check_build_system
#  Implicit rule search has not been done.
#  Modification time never checked.
#  File has not been updated.

main.s: main.cc.s
#  Phony target (prerequisite of .PHONY).
#  Implicit rule search has not been done.
#  File does not exist.
#  File has not been updated.

preinstall/fast:
#  Phony target (prerequisite of .PHONY).
#  Implicit rule search has not been done.
#  File does not exist.
#  File has not been updated.
#  recipe to execute (from 'Makefile', line 105):
	$(MAKE) -f CMakeFiles/Makefile2 preinstall

p2p.pb.cc.i:
#  Phony target (prerequisite of .PHONY).
#  Implicit rule search has not been done.
#  File does not exist.
#  File has not been updated.
#  recipe to execute (from 'Makefile', line 249):
	$(MAKE) -f CMakeFiles/server.dir/build.make CMakeFiles/server.dir/p2p.pb.cc.i

p2p.pb.cc.o:
#  Phony target (prerequisite of .PHONY).
#  Implicit rule search has not been done.
#  File does not exist.
#  File has not been updated.
#  recipe to execute (from 'Makefile', line 240):
	$(MAKE) -f CMakeFiles/server.dir/build.make CMakeFiles/server.dir/p2p.pb.cc.o

.SUFFIXES: .hpux_make_needs_suffix_list
 
#  Implicit rule search has not been done.
#  Modification time never checked.
#  File has not been updated.

# Not a target:
Makefile:
#  Implicit rule search has been done.
#  Last modified 2022-06-05 11:07:12.523192932
#  File has been updated.
#  Successfully updated.

server: cmake_check_build_system
#  Phony target (prerequisite of .PHONY).
#  Implicit rule search has not been done.
#  File does not exist.
#  File has not been updated.
#  recipe to execute (from 'Makefile', line 118):
	$(MAKE) -f CMakeFiles/Makefile2 server

main.cc.s:
#  Phony target (prerequisite of .PHONY).
#  Implicit rule search has not been done.
#  File does not exist.
#  File has not been updated.
#  recipe to execute (from 'Makefile', line 231):
	$(MAKE) -f CMakeFiles/server.dir/build.make CMakeFiles/server.dir/main.cc.s

.NOTPARALLEL:
#  Implicit rule search has not been done.
#  Modification time never checked.
#  File has not been updated.

CTcpServer.s: CTcpServer.cc.s
#  Phony target (prerequisite of .PHONY).
#  Implicit rule search has not been done.
#  File does not exist.
#  File has not been updated.

clean/fast: clean
#  Phony target (prerequisite of .PHONY).
#  Implicit rule search has not been done.
#  File does not exist.
#  File has not been updated.

cmake_check_build_system:
#  Phony target (prerequisite of .PHONY).
#  Implicit rule search has not been done.
#  Implicit/static pattern stem: ''
#  File does not exist.
#  File has been updated.
#  Needs to be updated (-q is set).
# automatic
# @ := cmake_check_build_system
# automatic
# % := 
# automatic
# * := 
# automatic
# + := 
# automatic
# | := 
# automatic
# < := 
# automatic
# ^ := 
# automatic
# ? := 
# variable set hash-table stats:
# Load=8/32=25%, Rehash=0, Collisions=3/14=21%
#  recipe to execute (from 'Makefile', line 296):
	$(CMAKE_COMMAND) -H$(CMAKE_SOURCE_DIR) -B$(CMAKE_BINARY_DIR) --check-build-system CMakeFiles/Makefile.cmake 0

p2p.pb.s: p2p.pb.cc.s
#  Phony target (prerequisite of .PHONY).
#  Implicit rule search has not been done.
#  File does not exist.
#  File has not been updated.

EchoServer.i: EchoServer.cc.i
#  Phony target (prerequisite of .PHONY).
#  Implicit rule search has not been done.
#  File does not exist.
#  File has not been updated.

EchoServer.o: EchoServer.cc.o
#  Phony target (prerequisite of .PHONY).
#  Implicit rule search has not been done.
#  File does not exist.
#  File has not been updated.

help:
#  Phony target (prerequisite of .PHONY).
#  Implicit rule search has not been done.
#  File does not exist.
#  File has not been updated.
#  recipe to execute (from 'Makefile', line 263):
	@echo "The following are some of the valid targets for this Makefile:"
	@echo "... all (the default if no target is provided)"
	@echo "... clean"
	@echo "... depend"
	@echo "... rebuild_cache"
	@echo "... server"
	@echo "... edit_cache"
	@echo "... CTcpServer.o"
	@echo "... CTcpServer.i"
	@echo "... CTcpServer.s"
	@echo "... EchoServer.o"
	@echo "... EchoServer.i"
	@echo "... EchoServer.s"
	@echo "... P2pServer.o"
	@echo "... P2pServer.i"
	@echo "... P2pServer.s"
	@echo "... main.o"
	@echo "... main.i"
	@echo "... main.s"
	@echo "... p2p.pb.o"
	@echo "... p2p.pb.i"
	@echo "... p2p.pb.s"

CTcpServer.cc.s:
#  Phony target (prerequisite of .PHONY).
#  Implicit rule search has not been done.
#  File does not exist.
#  File has not been updated.
#  recipe to execute (from 'Makefile', line 150):
	$(MAKE) -f CMakeFiles/server.dir/build.make CMakeFiles/server.dir/CTcpServer.cc.s

preinstall: all
#  Phony target (prerequisite of .PHONY).
#  Implicit rule search has not been done.
#  File does not exist.
#  File has not been updated.
#  recipe to execute (from 'Makefile', line 100):
	$(MAKE) -f CMakeFiles/Makefile2 preinstall

P2pServer.i: P2pServer.cc.i
#  Phony target (prerequisite of .PHONY).
#  Implicit rule search has not been done.
#  File does not exist.
#  File has not been updated.

.SILENT:
#  Implicit rule search has not been done.
#  Modification time never checked.
#  File has not been updated.

depend:
#  Phony target (prerequisite of .PHONY).
#  Implicit rule search has not been done.
#  File does not exist.
#  File has not been updated.
#  recipe to execute (from 'Makefile', line 110):
	$(CMAKE_COMMAND) -H$(CMAKE_SOURCE_DIR) -B$(CMAKE_BINARY_DIR) --check-build-system CMakeFiles/Makefile.cmake 1

p2p.pb.cc.s:
#  Phony target (prerequisite of .PHONY).
#  Implicit rule search has not been done.
#  File does not exist.
#  File has not been updated.
#  recipe to execute (from 'Makefile', line 258):
	$(MAKE) -f CMakeFiles/server.dir/build.make CMakeFiles/server.dir/p2p.pb.cc.s

EchoServer.cc.i:
#  Phony target (prerequisite of .PHONY).
#  Implicit rule search has not been done.
#  File does not exist.
#  File has not been updated.
#  recipe to execute (from 'Makefile', line 168):
	$(MAKE) -f CMakeFiles/server.dir/build.make CMakeFiles/server.dir/EchoServer.cc.i

EchoServer.cc.o:
#  Phony target (prerequisite of .PHONY).
#  Implicit rule search has not been done.
#  File does not exist.
#  File has not been updated.
#  recipe to execute (from 'Makefile', line 159):
	$(MAKE) -f CMakeFiles/server.dir/build.make CMakeFiles/server.dir/EchoServer.cc.o

# Not a target:
.DEFAULT:
#  Implicit rule search has not been done.
#  Modification time never checked.
#  File has not been updated.

default_target: all
#  Phony target (prerequisite of .PHONY).
#  Implicit rule search has not been done.
#  File does not exist.
#  File has not been updated.

CTcpServer.cc.i:
#  Phony target (prerequisite of .PHONY).
#  Implicit rule search has not been done.
#  File does not exist.
#  File has not been updated.
#  recipe to execute (from 'Makefile', line 141):
	$(MAKE) -f CMakeFiles/server.dir/build.make CMakeFiles/server.dir/CTcpServer.cc.i

P2pServer.cc.i:
#  Phony target (prerequisite of .PHONY).
#  Implicit rule search has not been done.
#  File does not exist.
#  File has not been updated.
#  recipe to execute (from 'Makefile', line 195):
	$(MAKE) -f CMakeFiles/server.dir/build.make CMakeFiles/server.dir/P2pServer.cc.i

P2pServer.cc.o:
#  Phony target (prerequisite of .PHONY).
#  Implicit rule search has not been done.
#  File does not exist.
#  File has not been updated.
#  recipe to execute (from 'Makefile', line 186):
	$(MAKE) -f CMakeFiles/server.dir/build.make CMakeFiles/server.dir/P2pServer.cc.o

clean:
#  Phony target (prerequisite of .PHONY).
#  Implicit rule search has not been done.
#  File does not exist.
#  File has not been updated.
#  recipe to execute (from 'Makefile', line 90):
	$(MAKE) -f CMakeFiles/Makefile2 clean

rebuild_cache/fast: rebuild_cache
#  Phony target (prerequisite of .PHONY).
#  Implicit rule search has not been done.
#  File does not exist.
#  File has not been updated.

edit_cache/fast: edit_cache
#  Phony target (prerequisite of .PHONY).
#  Implicit rule search has not been done.
#  File does not exist.
#  File has not been updated.

main.i: main.cc.i
#  Phony target (prerequisite of .PHONY).
#  Implicit rule search has not been done.
#  File does not exist.
#  File has not been updated.

main.o: main.cc.o
#  Phony target (prerequisite of .PHONY).
#  Implicit rule search has not been done.
#  File does not exist.
#  File has not been updated.

EchoServer.s: EchoServer.cc.s
#  Phony target (prerequisite of .PHONY).
#  Implicit rule search has not been done.
#  File does not exist.
#  File has not been updated.

# Not a target:
.hpux_make_needs_suffix_list:
#  Implicit rule search has not been done.
#  Modification time never checked.
#  File has not been updated.

P2pServer.s: P2pServer.cc.s
#  Phony target (prerequisite of .PHONY).
#  Implicit rule search has not been done.
#  File does not exist.
#  File has not been updated.

main.cc.i:
#  Phony target (prerequisite of .PHONY).
#  Implicit rule search has not been done.
#  File does not exist.
#  File has not been updated.
#  recipe to execute (from 'Makefile', line 222):
	$(MAKE) -f CMakeFiles/server.dir/build.make CMakeFiles/server.dir/main.cc.i

main.cc.o:
#  Phony target (prerequisite of .PHONY).
#  Implicit rule search has not been done.
#  File does not exist.
#  File has not been updated.
#  recipe to execute (from 'Makefile', line 213):
 
	$(MAKE) -f CMakeFiles/server.dir/build.make CMakeFiles/server.dir/main.cc.o

P2pServer.o: P2pServer.cc.o
#  Phony target (prerequisite of .PHONY).
#  Implicit rule search has not been done.
#  File does not exist.
#  File has not been updated.

EchoServer.cc.s:
#  Phony target (prerequisite of .PHONY).
#  Implicit rule search has not been done.
#  File does not exist.
#  File has not been updated.
#  recipe to execute (from 'Makefile', line 177):
	$(MAKE) -f CMakeFiles/server.dir/build.make CMakeFiles/server.dir/EchoServer.cc.s

CTcpServer.i: CTcpServer.cc.i
#  Phony target (prerequisite of .PHONY).
#  Implicit rule search has not been done.
#  File does not exist.
#  File has not been updated.

CTcpServer.o: CTcpServer.cc.o
#  Phony target (prerequisite of .PHONY).
#  Implicit rule search has not been done.
#  File does not exist.
#  File has not been updated.

rebuild_cache:
#  Phony target (prerequisite of .PHONY).
#  Implicit rule search has not been done.
#  File does not exist.
#  File has not been updated.
#  recipe to execute (from 'Makefile', line 61):
	@$(CMAKE_COMMAND) -E cmake_echo_color --switch=$(COLOR) --cyan "Running CMake to regenerate build system..."
	/usr/bin/cmake -H$(CMAKE_SOURCE_DIR) -B$(CMAKE_BINARY_DIR)

# files hash-table stats:
# Load=53/1024=5%, Rehash=0, Collisions=10/197=5%
# VPATH Search Paths

# No 'vpath' search paths.

# No general ('VPATH' variable) search path.

# strcache buffers: 1 (0) / strings = 77 / storage = 931 B / avg = 12 B
# current buf: size = 8162 B / used = 931 B / count = 77 / avg = 12 B

# strcache performance: lookups = 295 / hit rate = 73%
# hash-table stats:
# Load=77/8192=1%, Rehash=0, Collisions=6/295=2%
# Finished Make data base on Thu Jun  9 21:44:04 2022

 
